[CUT] dbaccess_dialog_save
Illegal instruction (core dumped)
[_RUN_____] DialogSaveTest::test
/home/infinity/libreoffice/solenv/bin/gdb-core-bt.sh: 23: file: not found

It looks like /home/infinity/libreoffice/workdir/LinkTarget/Executable/cppunittester generated /home/infinity/libreoffice/workdir/CppunitTest/dbaccess_dialog_save.test.core/core
Backtraces:
<frozen importlib._bootstrap>:914: ImportWarning: GdbRemoveReadlineFinder.find_spec() not found; falling back to find_module()

warning: Can't open file /usr/bin/qemu-riscv64-static during file-backed mapping note processing

warning: core file may not match specified executable file.

warning: Couldn't find general-purpose registers in core file.

warning: Unexpected size of section `.reg2' in core file.
Core was generated by `/usr/libexec/qemu-binfmt/riscv64-binfmt-P /home/infinity/libreoffice/workdir/Li'.

warning: Couldn't find general-purpose registers in core file.

warning: Unexpected size of section `.reg2' in core file.
#0  <unavailable> in ?? ()
ra             <unavailable>
sp             <unavailable>
gp             <unavailable>
tp             <unavailable>
t0             <unavailable>
t1             <unavailable>
t2             <unavailable>
fp             <unavailable>
s1             <unavailable>
a0             <unavailable>
a1             <unavailable>
a2             <unavailable>
a3             <unavailable>
a4             <unavailable>
a5             <unavailable>
a6             <unavailable>
a7             <unavailable>
s2             <unavailable>
s3             <unavailable>
s4             <unavailable>
s5             <unavailable>
s6             <unavailable>
s7             <unavailable>
s8             <unavailable>
s9             <unavailable>
s10            <unavailable>
s11            <unavailable>
t3             <unavailable>
t4             <unavailable>
t5             <unavailable>
t6             <unavailable>
pc             <unavailable>

Thread 1 (process 1):
#0  <unavailable> in ?? ()
PC unavailable, cannot determine locals.


Error: a unit test failed, please do one of:

make CppunitTest_dbaccess_dialog_save CPPUNITTRACE="gdb --args"
    # for interactive debugging on Linux
make CppunitTest_dbaccess_dialog_save VALGRIND=memcheck
    # for memory checking
make CppunitTest_dbaccess_dialog_save DEBUGCPPUNIT=TRUE
    # for exception catching

You can limit the execution to just one particular test by:

make CPPUNIT_TEST_NAME="testXYZ" ...above mentioned params...

make[1]: *** [/home/infinity/libreoffice/solenv/gbuild/CppunitTest.mk:121: /home/infinity/libreoffice/workdir/CppunitTest/dbaccess_dialog_save.test] Error 1
make: *** [Makefile:288: build] Error 2
