infinity@infinity-vm-debian-sid:~/libreoffice$ ulimit -c unlimited
infinity@infinity-vm-debian-sid:~/libreoffice$ make check
mkdir -p /home/infinity/libreoffice/instdir
/home/infinity/libreoffice/solenv/bin/install-gdb-printers -a /home/infinity/libreoffice/instdir -c
make -j 1  -rs -f /home/infinity/libreoffice/Makefile.gbuild  unitcheck slowcheck subsequentcheck  uicheck check
[CUT] chart2_common_functors
[CHK] chart2
[CUT] canvas_test
[CHK] canvas
[CUT] cppcanvas_test
[CHK] cppcanvas
[CUT] dbaccess_dialog_save
Illegal instruction (core dumped)
[_RUN_____] DialogSaveTest::test
warn:legacy.osl:3813:3813:dbaccess/source/core/dataaccess/ModelImpl.cxx:764: ODatabaseModelImpl::getOrCreateRootStorage: no source to create the storage from!
warn:legacy.osl:3813:3813:dbaccess/source/core/dataaccess/ModelImpl.cxx:764: ODatabaseModelImpl::getOrCreateRootStorage: no source to create the storage from!
warn:legacy.osl:3813:3813:dbaccess/source/core/dataaccess/ModelImpl.cxx:764: ODatabaseModelImpl::getOrCreateRootStorage: no source to create the storage from!
warn:dbaccess:3813:3813:dbaccess/source/filter/xml/xmlTable.cxx:76: unknown attribute urn:oasis:names:tc:opendocument:xmlns:database:1.0 db:command value=SELECT "Assets"."AssetID" AS "AssetID", "Assets"."DateSold" AS "DateSold" FROM "Assets" "Assets" WHERE ( "Assets"."AssetID" = 38353 )
warn:dbaccess:3813:3813:dbaccess/source/filter/xml/xmlQuery.cxx:54: unknown attribute urn:oasis:names:tc:opendocument:xmlns:database:1.0 db:name value=Query_Assets
warn:vcl.layout:3813:3813:vcl/source/window/layout.cxx:290: nExtraSpace went negative for VclBox:
warn:vcl.layout:3813:3813:vcl/source/window/layout.cxx:290: nExtraSpace went negative for VclBox: dbaccess/ui/appborderwindow/panel
warn:vcl.layout:3813:3813:vcl/source/window/layout.cxx:290: nExtraSpace went negative for VclBox: dbaccess/ui/titlewindow/TitleWindow
warn:vcl.layout:3813:3813:vcl/source/window/layout.cxx:290: nExtraSpace went negative for VclBox: dbaccess/ui/appborderwindow/detail
warn:vcl.layout:3813:3813:vcl/source/window/layout.cxx:290: nExtraSpace went negative for VclBox: dbaccess/ui/appdetailwindow/AppDetailWindow
warn:vcl.layout:3813:3813:vcl/source/window/layout.cxx:290: nExtraSpace went negative for VclBox: dbaccess/ui/appdetailwindow/tasks
warn:vcl.layout:3813:3813:vcl/source/window/layout.cxx:290: nExtraSpace went negative for VclBox: dbaccess/ui/titlewindow/TitleWindow
warn:vcl.layout:3813:3813:vcl/source/window/layout.cxx:290: nExtraSpace went negative for VclBox: dbaccess/ui/appdetailwindow/container
warn:vcl.layout:3813:3813:vcl/source/window/layout.cxx:290: nExtraSpace went negative for VclBox: dbaccess/ui/titlewindow/TitleWindow

It looks like /home/infinity/libreoffice/workdir/LinkTarget/Executable/cppunittester generated /home/infinity/libreoffice/workdir/CppunitTest/dbaccess_dialog_save.test.core/core
Backtraces:
<frozen importlib._bootstrap>:914: ImportWarning: GdbRemoveReadlineFinder.find_spec() not found; falling back to find_module()    
[New LWP 3813]
[New LWP 3816]
[Thread debugging using libthread_db enabled]
Using host libthread_db library "/lib/riscv64-linux-gnu/libthread_db.so.1".
Core was generated by `/home/infinity/libreoffice/workdir/LinkTarget/Executable/cppunittester /home/in'.
Program terminated with signal SIGILL, Illegal instruction.
#0  0x00ffffff9d832038 in ?? ()
[Current thread is 1 (Thread 0xffffff9d479010 (LWP 3813))]
/lib/riscv64-linux-gnu/../../share/gcc/python/libstdcxx/v6/printers.py:1200: DeprecationWarning: invalid escape sequence '\d'     
  self.typename = re.sub('^std::experimental::fundamentals_v\d::', 'std::experimental::', self.typename, 1)
/lib/riscv64-linux-gnu/../../share/gcc/python/libstdcxx/v6/printers.py:1218: DeprecationWarning: invalid escape sequence '\w'     
  mgrname = re.sub("std::string(?!\w)", str(gdb.lookup_type('std::string').strip_typedefs()), m.group(1))
/lib/riscv64-linux-gnu/../../share/gcc/python/libstdcxx/v6/printers.py:1248: DeprecationWarning: invalid escape sequence '\d'     
  self.typename = re.sub('^std::(experimental::|)(fundamentals_v\d::|)(.*)', r'std::\1\3<%s>' % valtype, typename, 1)
/lib/riscv64-linux-gnu/../../share/gcc/python/libstdcxx/v6/xmethods.py:151: DeprecationWarning: invalid escape sequence '\d'      
  if not re.match('^std::(__\d+::)?array<.*>$', class_type.tag):
/lib/riscv64-linux-gnu/../../share/gcc/python/libstdcxx/v6/xmethods.py:268: DeprecationWarning: invalid escape sequence '\d'      
  if not re.match('^std::(__\d+::)?deque<.*>$', class_type.tag):
/lib/riscv64-linux-gnu/../../share/gcc/python/libstdcxx/v6/xmethods.py:312: DeprecationWarning: invalid escape sequence '\d'      
  if not re.match('^std::(__\d+::)?forward_list<.*>$', class_type.tag):
/lib/riscv64-linux-gnu/../../share/gcc/python/libstdcxx/v6/xmethods.py:393: DeprecationWarning: invalid escape sequence '\d'      
  if not re.match('^std::(__\d+::)?(__cxx11::)?list<.*>$', class_type.tag):
/lib/riscv64-linux-gnu/../../share/gcc/python/libstdcxx/v6/xmethods.py:508: DeprecationWarning: invalid escape sequence '\d'      
  if not re.match('^std::(__\d+::)?vector<.*>$', class_type.tag):
/lib/riscv64-linux-gnu/../../share/gcc/python/libstdcxx/v6/xmethods.py:557: DeprecationWarning: invalid escape sequence '\d'      
  if not re.match('^std::(__\d+::)?%s<.*>$' % self._name, class_type.tag):
/lib/riscv64-linux-gnu/../../share/gcc/python/libstdcxx/v6/xmethods.py:590: DeprecationWarning: invalid escape sequence '\d'      
  if re.match('^std::(__\d+::)?__uniq_ptr_(data|impl)<.*>$', impl_type):
/lib/riscv64-linux-gnu/../../share/gcc/python/libstdcxx/v6/xmethods.py:592: DeprecationWarning: invalid escape sequence '\d'      
  elif re.match('^std::(__\d+::)?tuple<.*>$', impl_type):
/lib/riscv64-linux-gnu/../../share/gcc/python/libstdcxx/v6/xmethods.py:654: DeprecationWarning: invalid escape sequence '\d'      
  if not re.match('^std::(__\d+::)?unique_ptr<.*>$', class_type.tag):
/lib/riscv64-linux-gnu/../../share/gcc/python/libstdcxx/v6/xmethods.py:723: DeprecationWarning: invalid escape sequence '\['      
  m = re.match('.*\[(\d+)]$', str(self._elem_type))
/lib/riscv64-linux-gnu/../../share/gcc/python/libstdcxx/v6/xmethods.py:772: DeprecationWarning: invalid escape sequence '\d'      
  if not re.match('^std::(__\d+::)?shared_ptr<.*>$', class_type.tag):
ra             0xffffff9d281ad4 0xffffff9d281ad4 <cppu::throwException(com::sun::star::uno::Any const&)+700>
sp             0xfffffff3ccdf20 0xfffffff3ccdf20
gp             0xaaaaaab8c8c800 0xaaaaaab8c8c800
tp             0xffffff9d4797b0 0xffffff9d4797b0
t0             0x1      1
t1             0xffffff9a6c023c 72057592333730364
t2             0x3ff    1023
fp             0xfffffff3ccdfd0 0xfffffff3ccdfd0
s1             0xffffff9d3f3668 72057592381126248
a0             0xaaaaaae0c4c1d8 48038396932964824
a1             0xfffffff3cce070 72057593833250928
a2             0x0      0
a3             0x6      6
a4             0xffffff9d832038 72057592385577016
a5             0xaaaaaae0c4c1d8 48038396932964824
a6             0x0      0
a7             0xaaaaaae0c4c050 48038396932964432
s2             0xffffff9c739bf2 72057592367782898
s3             0xfffffff3ccf178 72057593833255288
s4             0xaaaaaae675f6a0 48038397028464288
s5             0xaaaaaae675f6a0 48038397028464288
s6             0xfffffffce235e8 72057593985644008
s7             0xaaaaaaf6485bb0 48038397293910960
s8             0x0      0
s9             0x8      8
s10            0xf      15
s11            0xaaaaaaf6484218 48038397293904408
t3             0xffffff9d88ad74 72057592385940852
t4             0xf      15
t5             0x0      0
t6             0x0      0
pc             0xffffff9d832038 0xffffff9d832038

Thread 2 (Thread 0xffffff8cf567d0 (LWP 3816)):
#0  futex_wait (private=0, expected=2, futex_word=0xaaaaaadfbd1d90) at ../sysdeps/nptl/futex-internal.h:146
        __ret = -512
        err = <optimized out>
#1  __lll_lock_wait (futex=0xaaaaaadfbd1d90, private=<optimized out>) at lowlevellock.c:52
#2  0x00ffffff9d5b2fce in __GI___pthread_mutex_lock (mutex=0xaaaaaadfbd1d90) at pthread_mutex_lock.c:115
        __futex = 0xaaaaaadfbd1d90
        id = <optimized out>
        type = <optimized out>
        __PRETTY_FUNCTION__ = "__pthread_mutex_lock"
        id = <optimized out>
#3  0x00ffffff9d8b6288 in osl_acquireMutex () at /home/infinity/libreoffice/sal/osl/unx/mutex.cxx:100
#4  0x00ffffff9882d064 in osl::Mutex::acquire() () at /home/infinity/libreoffice/include/osl/mutex.hxx:61
#5  0x00ffffff991befd6 in SvpSalYieldMutex::doAcquire(unsigned int) () at /home/infinity/libreoffice/vcl/headless/svpinst.cxx:380 
#6  0x00ffffff955cad58 in comphelper::SolarMutex::acquire(unsigned int) () at /home/infinity/libreoffice/include/comphelper/solarmutex.hxx:86
#7  0x00ffffff955cff78 in osl::ClearableGuard<comphelper::SolarMutex>::ClearableGuard(comphelper::SolarMutex&) () at /home/infinity/libreoffice/include/osl/mutex.hxx:180
#8  0x00ffffff955cffd2 in osl::ResettableGuard<comphelper::SolarMutex>::ResettableGuard(comphelper::SolarMutex&) () at /home/infinity/libreoffice/include/osl/mutex.hxx:235
#9  0x00ffffff955cae10 in SolarMutexResettableGuard::SolarMutexResettableGuard() () at /home/infinity/libreoffice/include/vcl/svapp.hxx:1384
#10 0x00ffffff955cb25c in dbaccess::ModelMethodGuard::ModelMethodGuard(dbaccess::ModelDependentComponent const&) () at /home/infinity/libreoffice/dbaccess/source/core/inc/ModelImpl.hxx:524
#11 0x00ffffff955cc706 in dbaccess::DocumentGuard::DocumentGuard(dbaccess::ODatabaseDocument const&, dbaccess::DocumentGuard::MethodUsedDuringInit_) () at /home/infinity/libreoffice/dbaccess/source/core/dataaccess/databasedocument.hxx:717
#12 0x00ffffff955c8950 in dbaccess::ODatabaseDocument::getEvents() () at /home/infinity/libreoffice/dbaccess/source/core/dataaccess/databasedocument.cxx:2024
#13 0x00ffffff95628190 in dbaccess::DocumentEventExecutor::documentEventOccured(com::sun::star::document::DocumentEvent const&) () at /home/infinity/libreoffice/dbaccess/source/core/dataaccess/documenteventexecutor.cxx:153
#14 0x00ffffff9562e05a in comphelper::OInterfaceContainerHelper3<com::sun::star::document::XDocumentEventListener>::NotifySingleListener<com::sun::star::document::DocumentEvent>::operator()(com::sun::star::uno::Reference<com::sun::star::document::XDocumentEventListener> const&) const () at /home/infinity/libreoffice/include/comphelper/interfacecontainer3.hxx:252
#15 0x00ffffff9562cd7c in void comphelper::OInterfaceContainerHelper3<com::sun::star::document::XDocumentEventListener>::forEach<comphelper::OInterfaceContainerHelper3<com::sun::star::document::XDocumentEventListener>::NotifySingleListener<com::sun::star::document::DocumentEvent> >(comphelper::OInterfaceContainerHelper3<com::sun::star::document::XDocumentEventListener>::NotifySingleListener<com::sun::star::document::DocumentEvent> const&) () at /home/infinity/libreoffice/include/comphelper/interfacecontainer3.hxx:274
#16 0x00ffffff9562bc36 in void comphelper::OInterfaceContainerHelper3<com::sun::star::document::XDocumentEventListener>::notifyEach<com::sun::star::document::DocumentEvent>(void (com::sun::star::document::XDocumentEventListener::*)(com::sun::star::document::DocumentEvent const&), com::sun::star::document::DocumentEvent const&) () at /home/infinity/libreoffice/include/comphelper/interfacecontainer3.hxx:289
#17 0x00ffffff9562a35a in dbaccess::DocumentEventNotifier_Impl::impl_notifyEvent_nothrow(com::sun::star::document::DocumentEvent const&) () at /home/infinity/libreoffice/dbaccess/source/core/dataaccess/documenteventnotifier.cxx:200
#18 0x00ffffff9562a702 in dbaccess::DocumentEventNotifier_Impl::processEvent(comphelper::AnyEvent const&) () at /home/infinity/libreoffice/dbaccess/source/core/dataaccess/documenteventnotifier.cxx:233
#19 0x00ffffff9cce5296 in comphelper::AsyncEventNotifierBase::execute() () at /home/infinity/libreoffice/comphelper/source/misc/asyncnotification.cxx:139
#20 0x00ffffff9cce5a98 in comphelper::AsyncEventNotifierAutoJoin::run() () at /home/infinity/libreoffice/comphelper/source/misc/asyncnotification.cxx:246
#21 0x00ffffff9cce7c82 in threadFunc () at /home/infinity/libreoffice/include/osl/thread.hxx:189
#22 0x00ffffff9d8ce6ee in osl_thread_start_Impl(void*) () at /home/infinity/libreoffice/sal/osl/unx/thread.cxx:265
#23 0x00ffffff9d5b15fa in start_thread (arg=<optimized out>) at pthread_create.c:481
        ret = <optimized out>
        pd = <optimized out>
        unwind_buf = {cancel_jmp_buf = {{jmp_buf = {{__pc = 72057592382952868, __regs = {72057592107851824, 72057592107853776, 72057593833256670, 72057593833256671, 0, 72057592107853776, 72057593833256672, 72057592387580616, 72057592107855728, 1, 72057592383030176, 33}, __sp = 72057592107851504, __fpregs = {0 <repeats 12 times>}}}, mask_was_saved = 0}}, priv = {pad = {0x0, 0x0, 0x0, 0x0}, data = {prev = 0x0, cleanup = 0x0, canceltype = 0}}}
        not_first_call = <optimized out>
        robust = <optimized out>
#24 0x00ffffff9d53c0b2 in __thread_start () at ../sysdeps/unix/sysv/linux/riscv/clone.S:82

Thread 1 (Thread 0xffffff9d479010 (LWP 3813)):
#0  0x00ffffff9d832038 in  ()


Error: a unit test failed, please do one of:

make CppunitTest_dbaccess_dialog_save CPPUNITTRACE="gdb --args"
    # for interactive debugging on Linux
make CppunitTest_dbaccess_dialog_save VALGRIND=memcheck
    # for memory checking
make CppunitTest_dbaccess_dialog_save DEBUGCPPUNIT=TRUE
    # for exception catching

You can limit the execution to just one particular test by:

make CPPUNIT_TEST_NAME="testXYZ" ...above mentioned params...

make[1]: *** [/home/infinity/libreoffice/solenv/gbuild/CppunitTest.mk:121: /home/infinity/libreoffice/workdir/CppunitTest/dbaccess_dialog_save.test] Error 1
make: *** [Makefile:288: build] Error 2
infinity@infinity-vm-debian-sid:~/libreoffice$ 